---------------------------------------------------------------------
Date: 2021-03-28 21:30:53
success: er zijn geen reminders voor vandaag
---------------------------------------------------------------------
Date: 2021-03-28 21:43:36
sending reminders to info@fbcs.nl
sending reminder:
--product: mail, 
--customer: Villa Kakelbont
success: send reminder successful
---------------------------------------------------------------------
Date: 2021-03-29 07:00:00
success: er zijn geen reminders voor vandaag
---------------------------------------------------------------------
Date: 2021-03-30 07:00:07
sending reminders to info@fbcs.nl
sending reminder:
--product: onderhoud, 
--customer: Nel Makkinga
success: send reminder successful
sending reminder:
--product: cloudcare, 
--customer: Tandartspraktijk Bartels
success: send reminder successful
sending reminder:
--product: cloudcare, 
--customer: Peter Mul Boomverzorging B.V.
success: send reminder successful
sending reminder:
--product: cloudcare, 
--customer: Impact Personeel
success: send reminder successful
sending reminder:
--product: domainname, 
--customer: De Selectie
success: send reminder successful
---------------------------------------------------------------------
Date: 2021-03-31 07:00:01
success: er zijn geen reminders voor vandaag
---------------------------------------------------------------------
Date: 2021-04-01 07:00:03
success: er zijn geen reminders voor vandaag
---------------------------------------------------------------------
Date: 2021-04-02 07:00:10
sending reminders to info@fbcs.nl
sending reminder:
--product: domainname, mail, 
--customer: Garage Marc Mooij
success: send reminder successful
sending reminder:
--product: ssl, 
--customer: Riko Stucadoorsbedrijf
---------------------------------------------------------------------
Date: 2021-04-02 07:00:19
sending reminders to info@fbcs.nl
sending reminder:
--product: ssl, 
--customer: Riko Stucadoorsbedrijf
success: send reminder successful
sending reminder:
--product: onderhoud, 
--customer: Dhr. P. de Groot
---------------------------------------------------------------------
Date: 2021-04-02 07:00:29
sending reminders to info@fbcs.nl
sending reminder:
--product: onderhoud, 
--customer: Dhr. P. de Groot
success: send reminder successful
error: could not send mail
SMTP connect() failed. https://github.com/PHPMailer/PHPMailer/wiki/Troubleshooting
error: could not send mail
SMTP connect() failed. https://github.com/PHPMailer/PHPMailer/wiki/Troubleshooting
---------------------------------------------------------------------
Date: 2021-04-03 07:00:04
sending reminders to info@fbcs.nl
sending reminder:
--product: onderhoud, 
--customer: Fam. Konijn
success: send reminder successful
---------------------------------------------------------------------
Date: 2021-04-03 14:51:06
success: er zijn geen reminders voor vandaag
---------------------------------------------------------------------
Date: 2021-04-03 14:51:36
sending reminders to info@fbcs.nl
sending reminder:
--product: mail, mail, 
--customer: Dual Logistics B.V.
success: send reminder successful
---------------------------------------------------------------------
Date: 2021-04-03 14:51:53
success: er zijn geen reminders voor vandaag
---------------------------------------------------------------------
Date: 2021-04-04 07:00:01
sending reminders to info@fbcs.nl
sending reminder:
--product: mail, cloudcare, cloudbackup, 
--customer: Hartman Elektrotechniek
success: send reminder successful
---------------------------------------------------------------------
Date: 2021-04-05 07:00:03
sending reminders to info@fbcs.nl
sending reminder:
--product: onderhoud, 
--customer: JMPR
success: send reminder successful
---------------------------------------------------------------------
Date: 2021-04-06 07:00:07
sending reminders to info@fbcs.nl
sending reminder:
--product: cloudcare, 
--customer: V.O.F. Klaver-Steur
success: send reminder successful
sending reminder:
--product: mail, 
--customer: Dhr. Jansen (Jarero)
success: send reminder successful
---------------------------------------------------------------------
Date: 2021-04-07 07:00:04
success: er zijn geen reminders voor vandaag
---------------------------------------------------------------------
Date: 2021-04-08 07:00:06
sending reminders to info@fbcs.nl
sending reminder:
--product: ssl, hosting, 
--customer: Nedtech Kozijnen
success: send reminder successful
---------------------------------------------------------------------
Date: 2021-04-09 07:00:09
success: er zijn geen reminders voor vandaag
---------------------------------------------------------------------
Date: 2021-04-10 07:00:06
success: er zijn geen reminders voor vandaag
---------------------------------------------------------------------
Date: 2021-04-11 07:00:09
success: er zijn geen reminders voor vandaag
---------------------------------------------------------------------
Date: 2021-04-12 07:00:00
success: er zijn geen reminders voor vandaag
---------------------------------------------------------------------
Date: 2021-04-13 07:00:08
success: er zijn geen reminders voor vandaag
---------------------------------------------------------------------
Date: 2021-04-14 07:00:08
success: er zijn geen reminders voor vandaag
---------------------------------------------------------------------
Date: 2021-04-14 07:00:19
success: er zijn geen reminders voor vandaag
---------------------------------------------------------------------
Date: 2021-04-15 07:00:02
success: er zijn geen reminders voor vandaag
---------------------------------------------------------------------
Date: 2021-04-16 07:00:06
success: er zijn geen reminders voor vandaag
---------------------------------------------------------------------
Date: 2021-04-17 07:00:09
success: er zijn geen reminders voor vandaag
---------------------------------------------------------------------
Date: 2021-04-18 07:00:03
success: er zijn geen reminders voor vandaag
---------------------------------------------------------------------
Date: 2021-04-19 07:00:05
success: er zijn geen reminders voor vandaag
---------------------------------------------------------------------
Date: 2021-04-20 07:00:06
sending reminders to info@fbcs.nl
sending reminder:
--product: cloudcare, 
--customer: De Smederij
success: send reminder successful
---------------------------------------------------------------------
Date: 2021-04-21 07:00:01
success: er zijn geen reminders voor vandaag
---------------------------------------------------------------------
Date: 2021-04-22 07:00:04
success: er zijn geen reminders voor vandaag
---------------------------------------------------------------------
Date: 2021-04-23 07:00:09
success: er zijn geen reminders voor vandaag
---------------------------------------------------------------------
Date: 2021-04-24 07:00:05
sending reminders to info@fbcs.nl
sending reminder:
--product: onderhoud, 
--customer: De Boer Vleesverwerking
success: send reminder successful
sending reminder:
--product: cloudcare, 
--customer: PVP Nieuw Sloten
success: send reminder successful
---------------------------------------------------------------------
Date: 2021-04-25 07:00:08
success: er zijn geen reminders voor vandaag
---------------------------------------------------------------------
Date: 2021-04-26 07:00:02
sending reminders to info@fbcs.nl
sending reminder:
--product: verhuur, 
--customer: Woonstudio Boon
success: send reminder successful
sending reminder:
--product: mail, 
--customer: Biocare
success: send reminder successful
sending reminder:
--product: verhuur, 
--customer: De HypotheekAcademie
success: send reminder successful
---------------------------------------------------------------------
Date: 2021-04-27 07:00:05
sending reminders to info@fbcs.nl
sending reminder:
--product: mail, hosting, 
--customer: Commandeu Glasverwerking
success: send reminder successful
sending reminder:
--product: mail, mail, 
--customer: Dual Logistics B.V.
success: send reminder successful
sending reminder:
--product: mail, hosting, 
--customer: Snoek Bouwbedrijf B.V.
success: send reminder successful
sending reminder:
--product: voip, 
--customer: Rijschool Rick V.O.F.
success: send reminder successful
sending reminder:
--product: voip, 
--customer: Danenberg Kozijnen
success: send reminder successful
sending reminder:
--product: voip, 
--customer: Schildersbedrijf Pronkwerk
success: send reminder successful
sending reminder:
--product: mail, 
--customer: Woonstudio Boon
success: send reminder successful
sending reminder:
--product: cloudbackup, mail, 
--customer: Sijs B.V.
success: send reminder successful
sending reminder:
--product: hosting, mail, 
--customer: Frank Stam Hoveniers
success: send reminder successful
sending reminder:
--product: cloudbackup, mail, 
--customer: Metalas Zaandam B.V.
---------------------------------------------------------------------
Date: 2021-04-27 07:00:15
sending reminders to info@fbcs.nl
sending reminder:
--product: cloudbackup, mail, 
--customer: Metalas Zaandam B.V.
success: send reminder successful
sending reminder:
--product: hosting, 
--customer: Aannemingsbedrijf Dirk Blauw
success: send reminder successful
sending reminder:
--product: verhuur, 
--customer: De Graaf Mobiliteit
success: send reminder successful
sending reminder:
--product: hosting, 
--customer: Aannemingsbedrijf Dirk Blauw
success: send reminder successful
sending reminder:
--product: cloudbackup, verhuur, 
--customer: Koopman Immink
success: send reminder successful
sending reminder:
--product: verhuur, 
--customer: De Graaf Mobiliteit
success: send reminder successful
sending reminder:
--product: cloudbackup, verhuur, 
--customer: Koopman Immink
success: send reminder successful
sending reminder:
--product: mail, mail, internet, 
--customer: Technisch Installatiebedrijf Komen B.V.
success: send reminder successful
sending reminder:
--product: mail, 
--customer: Administratiekantoor Heerhugowaard
success: send reminder successful
sending reminder:
--product: mail, mail, internet, 
--customer: Technisch Installatiebedrijf Komen B.V.
success: send reminder successful
sending reminder:
--product: mail, cloudcare, voip, 
--customer: Biocare
success: send reminder successful
sending reminder:
--product: mail, 
--customer: Administratiekantoor Heerhugowaard
success: send reminder successful
sending reminder:
--product: mail, 
--customer: Tanni's Fashion
success: send reminder successful
sending reminder:
--product: cloudcare, voip, mail, 
--customer: Biocare
success: send reminder successful
sending reminder:
--product: mail, 
--customer: De Snaijer Stucadoors
success: send reminder successful
sending reminder:
--product: mail, 
--customer: Tanni's Fashion
success: send reminder successful
sending reminder:
--product: mail, 
--customer: De Snaijer Stucadoors
success: send reminder successful
sending reminder:
--product: mail, 
--customer: Green Facility
success: send reminder successful
sending reminder:
--product: mail, 
--customer: Green Facility
success: send reminder successful
sending reminder:
--product: mail, mail, mail, 
--customer: Ciscount Administraties
success: send reminder successful
sending reminder:
--product: mail, mail, mail, 
--customer: Ciscount Administraties
success: send reminder successful
sending reminder:
--product: mail, mail, cloudcare, mail, 
--customer: Compofloor
success: send reminder successful
sending reminder:
--product: mail, cloudcare, mail, mail, 
--customer: Compofloor
success: send reminder successful
sending reminder:
--product: voip, mail, 
--customer: Po-Zé Agenturen
success: send reminder successful
sending reminder:
--product: mail, voip, 
--customer: Po-Zé Agenturen
success: send reminder successful
sending reminder:
--product: mail, verhuur, 
--customer: Uw Veranda Specialist
success: send reminder successful
sending reminder:
--product: mail, 
--customer: S.A.M. Schagen B.V.
success: send reminder successful
sending reminder:
--product: mail, verhuur, 
--customer: Uw Veranda Specialist
---------------------------------------------------------------------
Date: 2021-04-27 07:00:25
sending reminders to info@fbcs.nl
sending reminder:
--product: mail, 
--customer: S.A.M. Schagen B.V.
success: send reminder successful
sending reminder:
--product: mail, 
--customer: Poeliersbedrijf Thaam Dam
success: send reminder successful
sending reminder:
--product: mail, 
--customer: S.A.M. Schagen B.V.
success: send reminder successful
sending reminder:
--product: mail, 
--customer: Poeliersbedrijf Thaam Dam
success: send reminder successful
sending reminder:
--product: mail, 
--customer: Poeliersbedrijf Thaam Dam
success: send reminder successful
sending reminder:
--product: cloudbackup, mail, 
--customer: Koopman Auto B.V.
success: send reminder successful
sending reminder:
--product: mail, cloudbackup, 
--customer: Koopman Auto B.V.
success: send reminder successful
sending reminder:
--product: mail, cloudbackup, 
--customer: Koopman Auto B.V.
success: send reminder successful
sending reminder:
--product: onderhoud, cloudcare, 
--customer: Westfries Goed Makelaars en Adviseurs
success: send reminder successful
sending reminder:
--product: cloudcare, onderhoud, 
--customer: Westfries Goed Makelaars en Adviseurs
success: send reminder successful
sending reminder:
--product: onderhoud, cloudcare, 
--customer: Westfries Goed Makelaars en Adviseurs
success: send reminder successful
sending reminder:
--product: onderhoud, mail, mail, 
--customer: De Selectie
success: send reminder successful
sending reminder:
--product: mail, onderhoud, mail, 
--customer: De Selectie
success: send reminder successful
sending reminder:
--product: mail, mail, onderhoud, 
--customer: De Selectie
success: send reminder successful
sending reminder:
--product: mail, 
--customer: Velkro Textiles
success: send reminder successful
sending reminder:
--product: mail, 
--customer: Velkro Textiles
success: send reminder successful
sending reminder:
--product: mail, 
--customer: Velkro Textiles
success: send reminder successful
sending reminder:
--product: mail, 
--customer: Luxsol B.V.
success: send reminder successful
sending reminder:
--product: mail, 
--customer: Luxsol B.V.
success: send reminder successful
sending reminder:
--product: mail, 
--customer: Luxsol B.V.
success: send reminder successful
sending reminder:
--product: mail, mail, 
--customer: De HRman
success: send reminder successful
sending reminder:
--product: mail, mail, 
--customer: De HRman
success: send reminder successful
sending reminder:
--product: mail, mail, 
--customer: De HRman
success: send reminder successful
sending reminder:
--product: mail, cloudcare, 
--customer: Marco Groen
success: send reminder successful
sending reminder:
--product: cloudcare, mail, 
--customer: Marco Groen
success: send reminder successful
sending reminder:
--product: mail, mail, cloudcare, 
--customer: Fluwel
success: send reminder successful
sending reminder:
--product: mail, cloudcare, 
--customer: Marco Groen
success: send reminder successful
sending reminder:
--product: mail, mail, cloudcare, 
--customer: Fluwel
success: send reminder successful
sending reminder:
--product: mail, internet, voip, 
--customer: G. van Diepen Project 
success: send reminder successful
sending reminder:
--product: mail, cloudcare, mail, 
--customer: Fluwel
success: send reminder successful
sending reminder:
--product: mail, cloudcare, 
--customer: Zon Energie Internationaal
success: send reminder successful
sending reminder:
--product: mail, internet, voip, 
--customer: G. van Diepen Project 
success: send reminder successful
sending reminder:
--product: voip, mail, internet, 
--customer: G. van Diepen Project 
success: send reminder successful
sending reminder:
--product: mail, 
--customer: Gebr. Huisman B.V.
success: send reminder successful
sending reminder:
--product: mail, cloudcare, 
--customer: Zon Energie Internationaal
success: send reminder successful
sending reminder:
--product: cloudcare, mail, 
--customer: Zon Energie Internationaal
success: send reminder successful
sending reminder:
--product: mail, cloudcare, mail, 
--customer: EcoConcepts BV
success: send reminder successful
sending reminder:
--product: mail, 
--customer: Gebr. Huisman B.V.
success: send reminder successful
sending reminder:
--product: mail, 
--customer: Gebr. Huisman B.V.
success: send reminder successful
sending reminder:
--product: hosting, cloudcare, cloudbackup, mail, mail, 
--customer: Villa Kakelbont
success: send reminder successful
sending reminder:
--product: mail, cloudcare, mail, 
--customer: EcoConcepts BV
success: send reminder successful
sending reminder:
--product: mail, cloudcare, mail, 
--customer: EcoConcepts BV
success: send reminder successful
sending reminder:
--product: mail, 
--customer: Trapliftthuis.nl
success: send reminder successful
sending reminder:
--product: hosting, mail, cloudbackup, mail, cloudcare, 
--customer: Villa Kakelbont
---------------------------------------------------------------------
Date: 2021-04-27 07:00:35
success: send reminder successful
sending reminder:
--product: cloudcare, cloudbackup, hosting, mail, mail, 
--customer: Villa Kakelbont
sending reminders to info@fbcs.nl
sending reminder:
--product: mail, 
--customer: Trapliftthuis.nl
success: send reminder successful
sending reminder:
--product: mail, 
--customer: Steel Creations B.V.
success: send reminder successful
sending reminder:
--product: mail, 
--customer: Trapliftthuis.nl
success: send reminder successful
sending reminder:
--product: mail, 
--customer: Trapliftthuis.nl
success: send reminder successful
sending reminder:
--product: mail, 
--customer: Steel Creations B.V.
success: send reminder successful
sending reminder:
--product: mail, mail, hosting, 
--customer: Student4all
success: send reminder successful
sending reminder:
--product: mail, 
--customer: Steel Creations B.V.
success: send reminder successful
sending reminder:
--product: mail, 
--customer: Steel Creations B.V.
success: send reminder successful
sending reminder:
--product: mail, mail, hosting, 
--customer: Student4all
success: send reminder successful
success: send reminder successful
sending reminder:
--product: mail, mail, hosting, 
--customer: Student4all
success: send reminder successful
sending reminder:
--product: hosting, mail, mail, 
--customer: Student4all
success: send reminder successful
success: send reminder successful
success: send reminder successful
---------------------------------------------------------------------
Date: 2021-04-28 07:00:04
sending reminders to info@fbcs.nl
sending reminder:
--product: mail, domainname, 
--customer: Ted Culinair
success: send reminder successful
sending reminder:
--product: mail, 
--customer: GekOpHout.com
success: send reminder successful
sending reminder:
--product: mail, 
--customer: Houters Hout
success: send reminder successful
sending reminder:
--product: mail, 
--customer: Roon Bike Travel
success: send reminder successful
