---------------------------------------------------------------------
Date: 2021-04-28 12:08:18
success: er zijn geen reminders voor vandaag
---------------------------------------------------------------------
Date: 2021-04-28 12:08:59
sending reminders to info@fbcs.nl
sending reminder:
--product: hosting, mail, 
--customer: Commandeu Glasverwerking
success: send reminder successful
success: updated history and next reminder date
sending reminder:
--product: mail, mail, 
--customer: Dual Logistics B.V.
success: send reminder successful
success: updated history and next reminder date
sending reminder:
--product: onderhoud, 
--customer: E.S.R.I. Bloembollen
success: send reminder successful
success: updated history and next reminder date
sending reminder:
--product: mail, hosting, 
--customer: Snoek Bouwbedrijf B.V.
success: send reminder successful
success: updated history and next reminder date
sending reminder:
--product: voip, 
--customer: Rijschool Rick V.O.F.
success: send reminder successful
success: updated history and next reminder date
sending reminder:
--product: mail, 
--customer: DV Loon- en Grondwerk
success: send reminder successful
success: updated history and next reminder date
sending reminder:
--product: voip, 
--customer: Danenberg Kozijnen
success: send reminder successful
success: updated history and next reminder date
sending reminder:
--product: voip, 
--customer: Schildersbedrijf Pronkwerk
success: send reminder successful
success: updated history and next reminder date
sending reminder:
--product: mail, 
--customer: Woonstudio Boon
success: send reminder successful
success: updated history and next reminder date
sending reminder:
--product: cloudbackup, mail, 
--customer: Sijs B.V.
success: send reminder successful
success: updated history and next reminder date
sending reminder:
--product: hosting, mail, 
--customer: Frank Stam Hoveniers
success: send reminder successful
success: updated history and next reminder date
sending reminder:
--product: mail, cloudbackup, 
--customer: Metalas Zaandam B.V.
success: send reminder successful
success: updated history and next reminder date
sending reminder:
--product: verhuur, 
--customer: De Graaf Mobiliteit
success: send reminder successful
success: updated history and next reminder date
sending reminder:
--product: verhuur, cloudbackup, 
--customer: Koopman Immink
success: send reminder successful
success: updated history and next reminder date
sending reminder:
--product: mail, internet, mail, 
--customer: Technisch Installatiebedrijf Komen B.V.
success: send reminder successful
success: updated history and next reminder date
sending reminder:
--product: mail, 
--customer: Administratiekantoor Heerhugowaard
success: send reminder successful
success: updated history and next reminder date
sending reminder:
--product: cloudcare, voip, mail, 
--customer: Biocare
success: send reminder successful
success: updated history and next reminder date
sending reminder:
--product: mail, 
--customer: Tanni's Fashion
success: send reminder successful
success: updated history and next reminder date
sending reminder:
--product: ssl, domainname, 
--customer: Fantasy Orchids
success: send reminder successful
success: updated history and next reminder date
sending reminder:
--product: mail, 
--customer: De Snaijer Stucadoors
success: send reminder successful
success: updated history and next reminder date
sending reminder:
--product: mail, 
--customer: Green Facility
success: send reminder successful
success: updated history and next reminder date
sending reminder:
--product: cloudcare, mail, mail, mail, onderhoud, 
--customer: Ciscount Administraties
success: send reminder successful
success: updated history and next reminder date
sending reminder:
--product: cloudcare, mail, mail, mail, 
--customer: Compofloor
success: send reminder successful
success: updated history and next reminder date
sending reminder:
--product: voip, mail, 
--customer: Po-Zé Agenturen
success: send reminder successful
success: updated history and next reminder date
sending reminder:
--product: mail, verhuur, 
--customer: Uw Veranda Specialist
success: send reminder successful
success: updated history and next reminder date
sending reminder:
--product: mail, 
--customer: S.A.M. Schagen B.V.
success: send reminder successful
success: updated history and next reminder date
sending reminder:
--product: mail, 
--customer: Poeliersbedrijf Thaam Dam
success: send reminder successful
success: updated history and next reminder date
sending reminder:
--product: mail, cloudbackup, 
--customer: Koopman Auto B.V.
success: send reminder successful
success: updated history and next reminder date
sending reminder:
--product: onderhoud, cloudcare, 
--customer: Westfries Goed Makelaars en Adviseurs
success: send reminder successful
success: updated history and next reminder date
sending reminder:
--product: mail, mail, onderhoud, 
--customer: De Selectie
success: send reminder successful
success: updated history and next reminder date
sending reminder:
--product: mail, 
--customer: Velkro Textiles
success: send reminder successful
success: updated history and next reminder date
sending reminder:
--product: mail, 
--customer: Luxsol B.V.
success: send reminder successful
success: updated history and next reminder date
sending reminder:
--product: mail, mail, 
--customer: De HRman
success: send reminder successful
success: updated history and next reminder date
sending reminder:
--product: mail, cloudcare, 
--customer: Marco Groen
success: send reminder successful
success: updated history and next reminder date
sending reminder:
--product: mail, cloudcare, mail, 
--customer: Fluwel
success: send reminder successful
success: updated history and next reminder date
sending reminder:
--product: voip, mail, internet, 
--customer: G. van Diepen Project 
success: send reminder successful
success: updated history and next reminder date
sending reminder:
--product: mail, cloudcare, 
--customer: Zon Energie Internationaal
success: send reminder successful
success: updated history and next reminder date
sending reminder:
--product: mail, 
--customer: Gebr. Huisman B.V.
success: send reminder successful
success: updated history and next reminder date
sending reminder:
--product: mail, cloudcare, mail, 
--customer: EcoConcepts BV
success: send reminder successful
success: updated history and next reminder date
sending reminder:
--product: cloudcare, cloudbackup, hosting, mail, mail, 
--customer: Villa Kakelbont
success: send reminder successful
success: updated history and next reminder date
sending reminder:
--product: mail, 
--customer: Trapliftthuis.nl
success: send reminder successful
success: updated history and next reminder date
sending reminder:
--product: mail, 
--customer: Steel Creations B.V.
success: send reminder successful
success: updated history and next reminder date
sending reminder:
--product: mail, mail, hosting, 
--customer: Student4all
success: send reminder successful
success: updated history and next reminder date
---------------------------------------------------------------------
Date: 2021-04-28 12:11:26
sending reminders to info@fbcs.nl
sending reminder:
--product: hosting, mail, 
--customer: Commandeu Glasverwerking
success: send reminder successful
success: updated history and next reminder date
sending reminder:
--product: mail, mail, 
--customer: Dual Logistics B.V.
success: send reminder successful
success: updated history and next reminder date
sending reminder:
--product: onderhoud, 
--customer: E.S.R.I. Bloembollen
success: send reminder successful
success: updated history and next reminder date
sending reminder:
--product: mail, hosting, 
--customer: Snoek Bouwbedrijf B.V.
success: send reminder successful
success: updated history and next reminder date
sending reminder:
--product: voip, 
--customer: Rijschool Rick V.O.F.
success: send reminder successful
success: updated history and next reminder date
sending reminder:
--product: mail, 
--customer: DV Loon- en Grondwerk
success: send reminder successful
success: updated history and next reminder date
sending reminder:
--product: voip, 
--customer: Danenberg Kozijnen
success: send reminder successful
success: updated history and next reminder date
sending reminder:
--product: voip, 
--customer: Schildersbedrijf Pronkwerk
success: send reminder successful
success: updated history and next reminder date
sending reminder:
--product: mail, 
--customer: Woonstudio Boon
success: send reminder successful
success: updated history and next reminder date
sending reminder:
--product: cloudbackup, mail, 
--customer: Sijs B.V.
success: send reminder successful
success: updated history and next reminder date
sending reminder:
--product: hosting, mail, 
--customer: Frank Stam Hoveniers
success: send reminder successful
success: updated history and next reminder date
sending reminder:
--product: mail, cloudbackup, 
--customer: Metalas Zaandam B.V.
success: send reminder successful
success: updated history and next reminder date
sending reminder:
--product: verhuur, 
--customer: De Graaf Mobiliteit
success: send reminder successful
success: updated history and next reminder date
sending reminder:
--product: verhuur, cloudbackup, 
--customer: Koopman Immink
success: send reminder successful
success: updated history and next reminder date
sending reminder:
--product: mail, internet, mail, 
--customer: Technisch Installatiebedrijf Komen B.V.
success: send reminder successful
success: updated history and next reminder date
sending reminder:
--product: mail, 
--customer: Administratiekantoor Heerhugowaard
success: send reminder successful
success: updated history and next reminder date
sending reminder:
--product: cloudcare, voip, mail, 
--customer: Biocare
success: send reminder successful
success: updated history and next reminder date
sending reminder:
--product: mail, 
--customer: Tanni's Fashion
success: send reminder successful
success: updated history and next reminder date
sending reminder:
--product: ssl, domainname, 
--customer: Fantasy Orchids
success: send reminder successful
success: updated history and next reminder date
sending reminder:
--product: mail, 
--customer: De Snaijer Stucadoors
success: send reminder successful
success: updated history and next reminder date
sending reminder:
--product: mail, 
--customer: Green Facility
success: send reminder successful
success: updated history and next reminder date
sending reminder:
--product: cloudcare, mail, mail, mail, onderhoud, 
--customer: Ciscount Administraties
success: send reminder successful
success: updated history and next reminder date
sending reminder:
--product: cloudcare, mail, mail, mail, 
--customer: Compofloor
success: send reminder successful
success: updated history and next reminder date
sending reminder:
--product: voip, mail, 
--customer: Po-Zé Agenturen
success: send reminder successful
success: updated history and next reminder date
sending reminder:
--product: mail, verhuur, 
--customer: Uw Veranda Specialist
success: send reminder successful
success: updated history and next reminder date
sending reminder:
--product: mail, 
--customer: S.A.M. Schagen B.V.
success: send reminder successful
success: updated history and next reminder date
sending reminder:
--product: mail, 
--customer: Poeliersbedrijf Thaam Dam
success: send reminder successful
success: updated history and next reminder date
sending reminder:
--product: mail, cloudbackup, 
--customer: Koopman Auto B.V.
success: send reminder successful
success: updated history and next reminder date
sending reminder:
--product: onderhoud, cloudcare, 
--customer: Westfries Goed Makelaars en Adviseurs
success: send reminder successful
success: updated history and next reminder date
sending reminder:
--product: mail, mail, onderhoud, 
--customer: De Selectie
success: send reminder successful
success: updated history and next reminder date
sending reminder:
--product: mail, 
--customer: Velkro Textiles
success: send reminder successful
success: updated history and next reminder date
sending reminder:
--product: mail, 
--customer: Luxsol B.V.
success: send reminder successful
success: updated history and next reminder date
sending reminder:
--product: mail, mail, 
--customer: De HRman
success: send reminder successful
success: updated history and next reminder date
sending reminder:
--product: mail, cloudcare, 
--customer: Marco Groen
success: send reminder successful
success: updated history and next reminder date
sending reminder:
--product: mail, cloudcare, mail, 
--customer: Fluwel
success: send reminder successful
success: updated history and next reminder date
sending reminder:
--product: voip, mail, internet, 
--customer: G. van Diepen Project 
success: send reminder successful
success: updated history and next reminder date
sending reminder:
--product: mail, cloudcare, 
--customer: Zon Energie Internationaal
success: send reminder successful
success: updated history and next reminder date
sending reminder:
--product: mail, 
--customer: Gebr. Huisman B.V.
success: send reminder successful
success: updated history and next reminder date
sending reminder:
--product: mail, cloudcare, mail, 
--customer: EcoConcepts BV
success: send reminder successful
success: updated history and next reminder date
sending reminder:
--product: cloudcare, cloudbackup, hosting, mail, mail, 
--customer: Villa Kakelbont
success: send reminder successful
success: updated history and next reminder date
sending reminder:
--product: mail, 
--customer: Trapliftthuis.nl
success: send reminder successful
success: updated history and next reminder date
sending reminder:
--product: mail, 
--customer: Steel Creations B.V.
success: send reminder successful
success: updated history and next reminder date
sending reminder:
--product: mail, mail, hosting, 
--customer: Student4all
success: send reminder successful
success: updated history and next reminder date
---------------------------------------------------------------------
Date: 2021-04-28 12:13:18
sending reminders to info@fbcs.nl
sending reminder:
--product: hosting, mail, 
--customer: Commandeu Glasverwerking
success: send reminder successful
success: updated history and next reminder date
sending reminder:
--product: mail, mail, 
--customer: Dual Logistics B.V.
success: send reminder successful
success: updated history and next reminder date
sending reminder:
--product: onderhoud, 
--customer: E.S.R.I. Bloembollen
success: send reminder successful
success: updated history and next reminder date
sending reminder:
--product: mail, hosting, 
--customer: Snoek Bouwbedrijf B.V.
success: send reminder successful
success: updated history and next reminder date
sending reminder:
--product: voip, 
--customer: Rijschool Rick V.O.F.
success: send reminder successful
success: updated history and next reminder date
sending reminder:
--product: mail, 
--customer: DV Loon- en Grondwerk
success: send reminder successful
success: updated history and next reminder date
sending reminder:
--product: voip, 
--customer: Danenberg Kozijnen
success: send reminder successful
success: updated history and next reminder date
sending reminder:
--product: voip, 
--customer: Schildersbedrijf Pronkwerk
success: send reminder successful
success: updated history and next reminder date
sending reminder:
--product: mail, 
--customer: Woonstudio Boon
success: send reminder successful
success: updated history and next reminder date
sending reminder:
--product: cloudbackup, mail, 
--customer: Sijs B.V.
success: send reminder successful
success: updated history and next reminder date
sending reminder:
--product: hosting, mail, 
--customer: Frank Stam Hoveniers
success: send reminder successful
success: updated history and next reminder date
sending reminder:
--product: mail, cloudbackup, 
--customer: Metalas Zaandam B.V.
success: send reminder successful
success: updated history and next reminder date
sending reminder:
--product: verhuur, 
--customer: De Graaf Mobiliteit
success: send reminder successful
success: updated history and next reminder date
sending reminder:
--product: verhuur, cloudbackup, 
--customer: Koopman Immink
success: send reminder successful
success: updated history and next reminder date
sending reminder:
--product: mail, internet, mail, 
--customer: Technisch Installatiebedrijf Komen B.V.
success: send reminder successful
success: updated history and next reminder date
sending reminder:
--product: mail, 
--customer: Administratiekantoor Heerhugowaard
success: send reminder successful
success: updated history and next reminder date
sending reminder:
--product: cloudcare, voip, mail, 
--customer: Biocare
success: send reminder successful
success: updated history and next reminder date
sending reminder:
--product: mail, 
--customer: Tanni's Fashion
success: send reminder successful
success: updated history and next reminder date
sending reminder:
--product: ssl, domainname, 
--customer: Fantasy Orchids
success: send reminder successful
success: updated history and next reminder date
sending reminder:
--product: mail, 
--customer: De Snaijer Stucadoors
success: send reminder successful
success: updated history and next reminder date
sending reminder:
--product: mail, 
--customer: Green Facility
success: send reminder successful
success: updated history and next reminder date
sending reminder:
--product: cloudcare, mail, mail, mail, onderhoud, 
--customer: Ciscount Administraties
success: send reminder successful
success: updated history and next reminder date
sending reminder:
--product: cloudcare, mail, mail, mail, 
--customer: Compofloor
success: send reminder successful
success: updated history and next reminder date
sending reminder:
--product: voip, mail, 
--customer: Po-Zé Agenturen
success: send reminder successful
success: updated history and next reminder date
sending reminder:
--product: mail, verhuur, 
--customer: Uw Veranda Specialist
success: send reminder successful
success: updated history and next reminder date
sending reminder:
--product: mail, 
--customer: S.A.M. Schagen B.V.
success: send reminder successful
success: updated history and next reminder date
sending reminder:
--product: mail, 
--customer: Poeliersbedrijf Thaam Dam
success: send reminder successful
success: updated history and next reminder date
sending reminder:
--product: mail, cloudbackup, 
--customer: Koopman Auto B.V.
success: send reminder successful
success: updated history and next reminder date
sending reminder:
--product: onderhoud, cloudcare, 
--customer: Westfries Goed Makelaars en Adviseurs
success: send reminder successful
success: updated history and next reminder date
sending reminder:
--product: mail, mail, onderhoud, 
--customer: De Selectie
success: send reminder successful
success: updated history and next reminder date
sending reminder:
--product: mail, 
--customer: Velkro Textiles
success: send reminder successful
success: updated history and next reminder date
sending reminder:
--product: mail, 
--customer: Luxsol B.V.
success: send reminder successful
success: updated history and next reminder date
sending reminder:
--product: mail, mail, 
--customer: De HRman
success: send reminder successful
success: updated history and next reminder date
sending reminder:
--product: mail, cloudcare, 
--customer: Marco Groen
success: send reminder successful
success: updated history and next reminder date
sending reminder:
--product: mail, cloudcare, mail, 
--customer: Fluwel
success: send reminder successful
success: updated history and next reminder date
sending reminder:
--product: voip, mail, internet, 
--customer: G. van Diepen Project 
success: send reminder successful
success: updated history and next reminder date
sending reminder:
--product: mail, cloudcare, 
--customer: Zon Energie Internationaal
success: send reminder successful
success: updated history and next reminder date
sending reminder:
--product: mail, 
--customer: Gebr. Huisman B.V.
success: send reminder successful
success: updated history and next reminder date
sending reminder:
--product: mail, cloudcare, mail, 
--customer: EcoConcepts BV
success: send reminder successful
success: updated history and next reminder date
sending reminder:
--product: cloudcare, cloudbackup, hosting, mail, mail, 
--customer: Villa Kakelbont
success: send reminder successful
success: updated history and next reminder date
sending reminder:
--product: mail, 
--customer: Trapliftthuis.nl
success: send reminder successful
success: updated history and next reminder date
sending reminder:
--product: mail, 
--customer: Steel Creations B.V.
success: send reminder successful
success: updated history and next reminder date
sending reminder:
--product: mail, mail, hosting, 
--customer: Student4all
success: send reminder successful
success: updated history and next reminder date
